Change Component Comment : Designator=R11 Old Comment=0603 RES New Comment=22R
Change Component Comment : Designator=R12 Old Comment=0603 RES New Comment=22R
Change Component Comment : Designator=R13 Old Comment=0603 RES New Comment=22R
Change Component Comment : Designator=R15 Old Comment=0603 RES New Comment=22R
Added Component: Designator=C10(TANTAL_CAP)
Added Component: Designator=C11(0603 CAP)
Added Component: Designator=C12(0603 CAP)
Added Component: Designator=C13(0603 CAP)
Added Component: Designator=C14(0603 CAP)
Added Component: Designator=C15(0603 CAP)
Added Component: Designator=C16(0603 CAP)
Added Component: Designator=C17(0603 CAP)
Added Component: Designator=C18(0603 CAP)
Added Component: Designator=C19(0603 CAP)
Added Component: Designator=C20(0603 CAP)
Added Component: Designator=C21(0603 CAP)
Added Component: Designator=C22(0603 CAP)
Added Component: Designator=R18(0603 RES)
Added Component: Designator=R19(0603 RES)
Added Component: Designator=R20(0603 RES)
Added Component: Designator=R21(0603 RES)
Added Component: Designator=R22(0603 RES)
Added Component: Designator=R23(0603 RES)
Added Component: Designator=R24(0603 RES)
Added Component: Designator=R25(0603 RES)
Added Pin To Net: NetName=GND Pin=C10-1
Added Pin To Net: NetName=3.3V Pin=C10-2
Added Pin To Net: NetName=GND Pin=C11-1
Added Pin To Net: NetName=3.3V Pin=C11-2
Added Pin To Net: NetName=GND Pin=C12-1
Added Pin To Net: NetName=3.3V Pin=C12-2
Added Pin To Net: NetName=GND Pin=C13-1
Added Pin To Net: NetName=3.3V Pin=C13-2
Added Pin To Net: NetName=GND Pin=C14-1
Added Pin To Net: NetName=3.3V Pin=C14-2
Added Pin To Net: NetName=GND Pin=C15-1
Added Pin To Net: NetName=GND Pin=C16-1
Added Pin To Net: NetName=GND Pin=C17-1
Added Pin To Net: NetName=3.3Va Pin=C17-2
Added Pin To Net: NetName=NetJ2_4 Pin=C18-2
Added Pin To Net: NetName=NetJ2_6 Pin=C19-2
Added Pin To Net: NetName=GND Pin=C20-1
Added Pin To Net: NetName=3.3Va Pin=C20-2
Added Pin To Net: NetName=GND Pin=C21-1
Added Pin To Net: NetName=GND Pin=C22-1
Added Pin To Net: NetName=LINKLED Pin=ETH-9
Added Pin To Net: NetName=ACTLED Pin=ETH-12
Added Pin To Net: NetName=GND Pin=J1-2
Added Pin To Net: NetName=3.3Va Pin=J1-5
Added Pin To Net: NetName=NetJ2_6 Pin=J2-1
Added Pin To Net: NetName=GND Pin=J2-2
Added Pin To Net: NetName=NetJ2_4 Pin=J2-3
Added Pin To Net: NetName=3.3Va Pin=J2-5
Added Pin To Net: NetName=3.3Va Pin=R18-2
Added Pin To Net: NetName=3.3Va Pin=R19-2
Added Pin To Net: NetName=3.3Va Pin=R20-2
Added Pin To Net: NetName=GND Pin=R21-1
Added Pin To Net: NetName=GND Pin=R22-1
Added Pin To Net: NetName=GND Pin=R24-1
Added Pin To Net: NetName=GND Pin=R25-1
Change Net Name : Old Net Name=NetJ2_4 New Net Name=NetC18_2
Change Net Name : Old Net Name=NetJ2_6 New Net Name=NetC19_2
Added Pin To Net: NetName=NetC15_2 Pin=C15-2
Added Pin To Net: NetName=NetC15_2 Pin=ETH-4
Added Pin To Net: NetName=NetC15_2 Pin=R18-1
Added Net: Name=NetC15_2
Added Pin To Net: NetName=NetC16_2 Pin=C16-2
Added Pin To Net: NetName=NetC16_2 Pin=ETH-8
Added Pin To Net: NetName=NetC16_2 Pin=ETH-15
Added Pin To Net: NetName=NetC16_2 Pin=ETH-16
Added Net: Name=NetC16_2
Added Pin To Net: NetName=NetC18_1 Pin=C18-1
Added Pin To Net: NetName=NetC18_1 Pin=ETH-3
Added Net: Name=NetC18_1
Added Pin To Net: NetName=NetC19_1 Pin=C19-1
Added Pin To Net: NetName=NetC19_1 Pin=ETH-6
Added Net: Name=NetC19_1
Added Pin To Net: NetName=NetC21_2 Pin=C21-2
Added Pin To Net: NetName=NetC21_2 Pin=W5500-20
Added Net: Name=NetC21_2
Added Pin To Net: NetName=NetC22_2 Pin=C22-2
Added Pin To Net: NetName=NetC22_2 Pin=W5500-22
Added Net: Name=NetC22_2
Added Pin To Net: NetName=NetETH_1 Pin=ETH-1
Added Pin To Net: NetName=NetETH_1 Pin=J1-3
Added Pin To Net: NetName=NetETH_1 Pin=J1-4
Added Pin To Net: NetName=NetETH_1 Pin=R12-1
Added Pin To Net: NetName=NetETH_1 Pin=R19-1
Added Net: Name=NetETH_1
Added Pin To Net: NetName=NetETH_2 Pin=ETH-2
Added Pin To Net: NetName=NetETH_2 Pin=J1-1
Added Pin To Net: NetName=NetETH_2 Pin=J1-6
Added Pin To Net: NetName=NetETH_2 Pin=R11-1
Added Pin To Net: NetName=NetETH_2 Pin=R20-1
Added Net: Name=NetETH_2
Added Pin To Net: NetName=NetETH_10 Pin=ETH-10
Added Pin To Net: NetName=NetETH_10 Pin=R21-2
Added Net: Name=NetETH_10
Added Pin To Net: NetName=NetETH_11 Pin=ETH-11
Added Pin To Net: NetName=NetETH_11 Pin=R22-2
Added Net: Name=NetETH_11
Added Pin To Net: NetName=NetR23_1 Pin=R23-1
Added Pin To Net: NetName=NetR23_1 Pin=R24-2
Added Net: Name=NetR23_1
Added Pin To Net: NetName=NetR23_2 Pin=R23-2
Added Pin To Net: NetName=NetR23_2 Pin=W5500-10
Added Net: Name=NetR23_2
Added Pin To Net: NetName=NetR25_2 Pin=R25-2
Added Pin To Net: NetName=NetR25_2 Pin=W5500-23
Added Net: Name=NetR25_2
Added Member To Class: ClassName=WeatherStation Member=Component C10 10uf
Added Member To Class: ClassName=WeatherStation Member=Component C11 100nf
Added Member To Class: ClassName=WeatherStation Member=Component C12 100nf
Added Member To Class: ClassName=WeatherStation Member=Component C13 100nf
Added Member To Class: ClassName=WeatherStation Member=Component C14 100nf
Added Member To Class: ClassName=WeatherStation Member=Component C15 22nf
Added Member To Class: ClassName=WeatherStation Member=Component C16 10nf
Added Member To Class: ClassName=WeatherStation Member=Component C17 100nf
Added Member To Class: ClassName=WeatherStation Member=Component C18 10nf
Added Member To Class: ClassName=WeatherStation Member=Component C19 10nf
Added Member To Class: ClassName=WeatherStation Member=Component C20 100nf
Added Member To Class: ClassName=WeatherStation Member=Component C21 4u7f
Added Member To Class: ClassName=WeatherStation Member=Component C22 10nf
Added Member To Class: ClassName=WeatherStation Member=Component R18 10R
Added Member To Class: ClassName=WeatherStation Member=Component R19 47R
Added Member To Class: ClassName=WeatherStation Member=Component R20 47R
Added Member To Class: ClassName=WeatherStation Member=Component R21 330R
Added Member To Class: ClassName=WeatherStation Member=Component R22 330R
Added Member To Class: ClassName=WeatherStation Member=Component R23 0603 RES
Added Member To Class: ClassName=WeatherStation Member=Component R24 0603 RES
Added Member To Class: ClassName=WeatherStation Member=Component R25 10K
